<?xml version="1.0" encoding="UTF-8"?>
<!-- Generated by org.testng.reporters.JUnitXMLReporter -->
<testsuite hostname="Vijay-Anand" ignored="0" name="Default test" tests="5" failures="0" timestamp="18 Oct 2020 07:42:56 GMT" time="18.172" errors="0">
  <testcase name="CreateUser" time="2.539" classname="restAssured.apitest.PetstoreUserApiTest"/>
  <testcase name="deleteUser" time="2.48" classname="restAssured.apitest.PetstoreUserApiTest"/>
  <testcase name="getuser" time="2.554" classname="restAssured.apitest.PetstoreUserApiTest"/>
  <testcase name="loginUser" time="2.553" classname="restAssured.apitest.PetstoreUserApiTest"/>
  <testcase name="logoutUser" time="1.919" classname="restAssured.apitest.PetstoreUserApiTest"/>
</testsuite> <!-- Default test -->
