<?xml version="1.0" encoding="UTF-8"?>
<testng-results skipped="0" failed="0" ignored="0" total="5" passed="5">
  <reporter-output>
  </reporter-output>
  <suite name="Default suite" duration-ms="18172" started-at="2020-10-18T07:42:38Z" finished-at="2020-10-18T07:42:56Z">
    <groups>
    </groups>
    <test name="Default test" duration-ms="18172" started-at="2020-10-18T07:42:38Z" finished-at="2020-10-18T07:42:56Z">
      <class name="restAssured.apitest.PetstoreUserApiTest">
        <test-method status="PASS" signature="createUserArrayList()[pri:0, instance:restAssured.apitest.PetstoreUserApiTest@ae45eb6]" name="createUserArrayList" is-config="true" duration-ms="6074" started-at="2020-10-18T07:42:38Z" finished-at="2020-10-18T07:42:44Z">
          <reporter-output>
          </reporter-output>
        </test-method> <!-- createUserArrayList -->
        <test-method status="PASS" signature="CreateUser()[pri:0, instance:restAssured.apitest.PetstoreUserApiTest@ae45eb6]" name="CreateUser" duration-ms="2539" started-at="2020-10-18T07:42:44Z" finished-at="2020-10-18T07:42:47Z">
          <reporter-output>
          </reporter-output>
        </test-method> <!-- CreateUser -->
        <test-method status="PASS" signature="deleteUser()[pri:0, instance:restAssured.apitest.PetstoreUserApiTest@ae45eb6]" name="deleteUser" duration-ms="2480" started-at="2020-10-18T07:42:47Z" finished-at="2020-10-18T07:42:49Z">
          <reporter-output>
          </reporter-output>
        </test-method> <!-- deleteUser -->
        <test-method status="PASS" signature="getuser()[pri:0, instance:restAssured.apitest.PetstoreUserApiTest@ae45eb6]" name="getuser" duration-ms="2554" started-at="2020-10-18T07:42:49Z" finished-at="2020-10-18T07:42:52Z">
          <reporter-output>
          </reporter-output>
        </test-method> <!-- getuser -->
        <test-method status="PASS" signature="loginUser()[pri:0, instance:restAssured.apitest.PetstoreUserApiTest@ae45eb6]" name="loginUser" duration-ms="2553" started-at="2020-10-18T07:42:52Z" finished-at="2020-10-18T07:42:54Z">
          <reporter-output>
          </reporter-output>
        </test-method> <!-- loginUser -->
        <test-method status="PASS" signature="logoutUser()[pri:0, instance:restAssured.apitest.PetstoreUserApiTest@ae45eb6]" name="logoutUser" duration-ms="1919" started-at="2020-10-18T07:42:54Z" depends-on-methods="restAssured.apitest.PetstoreUserApiTest.loginUser" finished-at="2020-10-18T07:42:56Z">
          <reporter-output>
          </reporter-output>
        </test-method> <!-- logoutUser -->
      </class> <!-- restAssured.apitest.PetstoreUserApiTest -->
    </test> <!-- Default test -->
  </suite> <!-- Default suite -->
</testng-results>
